<?xml version="1.0" encoding="UTF-8"?>
<properties>
    <comment>Created by property config, version: 3.0.0.0</comment>
    <entry key="Hello">Mum</entry>
</properties>